This is pdfTeXk, Version 3.141592-1.40.3 (Web2C 7.5.6) (format=pdflatex 2012.4.10)  12 APR 2012 17:42
entering extended mode
 %&-line parsing enabled.
**% Nejprve uvedeme tridu dokumentu s volbami

*\documentclass[bc,female,java,dept460]{diploma}						% jednostranny dokument
! I can't find file `".ogut"'.
<to be read again> 
                   \let 
<*> \documentclass
                  [bc,female,java,dept460]{diploma}						% jednostranny doku...
Please type another input file name: %\documentclass[bc,female,java,dept460,two
side]{diploma}		% oboustranny dokument
! I can't find file `%\documentclass[bc,female,java,dept460,twoside]{diploma}		
%'.
<to be read again> 
                   \let 
<*> \documentclass
                  [bc,female,java,dept460]{diploma}						% jednostranny doku...
Please type another input file name: \usepackage{czech}
! I can't find file `\usepackage{czech}'.
<to be read again> 
                   \let 
<*> \documentclass
                  [bc,female,java,dept460]{diploma}						% jednostranny doku...
Please type another input file name: \usepackage[utf8]{inputenc}
! I can't find file `\usepackage[utf8]{inputenc}'.
<to be read again> 
                   \let 
<*> \documentclass
                  [bc,female,java,dept460]{diploma}						% jednostranny doku...
Please type another input file name: 
! I can't find file `\usepackage[utf8]{inputenc}'.
<to be read again> 
                   \let 
<*> \documentclass
                  [bc,female,java,dept460]{diploma}						% jednostranny doku...
Please type another input file name: 
! I can't find file `\usepackage[utf8]{inputenc}'.
<to be read again> 
                   \let 
<*> \documentclass
                  [bc,female,java,dept460]{diploma}						% jednostranny doku...
Please type another input file name: % Zadame pozadovane vstupy pro generovani 
titulnich stran.
! I can't find file `%'.
<to be read again> 
                   \let 
<*> \documentclass
                  [bc,female,java,dept460]{diploma}						% jednostranny doku...
Please type another input file name: \Author{Jan ≈Ωitn√≠k}
! I can't find file `\Author{Jan'.
<to be read again> 
                   \let 
<*> \documentclass
                  [bc,female,java,dept460]{diploma}						% jednostranny doku...
Please type another input file name: 
! I can't find file `\Author{Jan'.
<to be read again> 
                   \let 
<*> \documentclass
                  [bc,female,java,dept460]{diploma}						% jednostranny doku...
Please type another input file name: \Title{PIM - Personal Information Manageme
nt}
! I can't find file `\Title{PIM'.
<to be read again> 
                   \let 
<*> \documentclass
                  [bc,female,java,dept460]{diploma}						% jednostranny doku...
Please type another input file name: 
! I can't find file `\Title{PIM'.
<to be read again> 
                   \let 
<*> \documentclass
                  [bc,female,java,dept460]{diploma}						% jednostranny doku...
Please type another input file name: \EnglishTitle{Diploma thesis}
! I can't find file `\EnglishTitle{Diploma'.
<to be read again> 
                   \let 
<*> \documentclass
                  [bc,female,java,dept460]{diploma}						% jednostranny doku...
Please type another input file name: 
! I can't find file `\EnglishTitle{Diploma'.
<to be read again> 
                   \let 
<*> \documentclass
                  [bc,female,java,dept460]{diploma}						% jednostranny doku...
Please type another input file name: \SubmissionDate{16. dubna 2012}
! I can't find file `\SubmissionDate{16.'.
<to be read again> 
                   \let 
<*> \documentclass
                  [bc,female,java,dept460]{diploma}						% jednostranny doku...
Please type another input file name: 
! I can't find file `\SubmissionDate{16'.
<to be read again> 
                   \let 
<*> \documentclass
                  [bc,female,java,dept460]{diploma}						% jednostranny doku...
Please type another input file name: \PrintPublicationAgreement{true}
! I can't find file `\PrintPublicationAgreement{true}'.
<to be read again> 
                   \let 
<*> \documentclass
                  [bc,female,java,dept460]{diploma}						% jednostranny doku...
Please type another input file name: 
! I can't find file `\PrintPublicationAgreement{true}'.
<to be read again> 
                   \let 
<*> \documentclass
                  [bc,female,java,dept460]{diploma}						% jednostranny doku...
Please type another input file name: \AccessRestriction{Licence GPL}
! I can't find file `\AccessRestriction{Licence'.
<to be read again> 
                   \let 
<*> \documentclass
                  [bc,female,java,dept460]{diploma}						% jednostranny doku...
Please type another input file name: 
! I can't find file `\AccessRestriction{Licence'.
<to be read again> 
                   \let 
<*> \documentclass
                  [bc,female,java,dept460]{diploma}						% jednostranny doku...
Please type another input file name: \Thanks{R√°d bych na tomto m√≠stƒõ podƒõko
val v≈°em, kte≈ô√≠ mi s prac√≠ pomohli, proto≈æe bez nich by tato pr√°ce nevzni
kla.}
! I can't find file `\Thanks{R√°d'.
<to be read again> 
                   \let 
<*> \documentclass
                  [bc,female,java,dept460]{diploma}						% jednostranny doku...
Please type another input file name: 
! I can't find file `\Thanks{R√°d'.
<to be read again> 
                   \let 
<*> \documentclass
                  [bc,female,java,dept460]{diploma}						% jednostranny doku...
Please type another input file name: \CzechAbstract{
! I can't find file `\CzechAbstract{'.
<to be read again> 
                   \let 
<*> \documentclass
                  [bc,female,java,dept460]{diploma}						% jednostranny doku...
Please type another input file name: C√≠lem t√©to pr√°ce je implementovat webov
ou aplikaci pro organizaci a spr√°vu osobn√≠ch dat, pl√°nov√°n√≠,
! I can't find file `C√≠lem'.
<to be read again> 
                   \let 
<*> \documentclass
                  [bc,female,java,dept460]{diploma}						% jednostranny doku...
Please type another input file name: zaznamen√°v√°n√≠ pozn√°mek a organizaci sc
h≈Øzek.
! I can't find file `zaznamen√°v√°n√≠'.
<to be read again> 
                   \let 
<*> \documentclass
                  [bc,female,java,dept460]{diploma}						% jednostranny doku...
Please type another input file name: Souƒç√°st√≠ aplikace je emailov√Ω klient a
 RSS ƒçteƒçka.
! I can't find file `Souƒç√°st√≠'.
<to be read again> 
                   \let 
<*> \documentclass
                  [bc,female,java,dept460]{diploma}						% jednostranny doku...
Please type another input file name: Bakal√°≈ôsk√° pr√°ce popisuje architekturu
 a tvorbu webov√©ho serveru a u≈æivatelsk√©ho prost≈ôed√≠ be≈æ√≠c√≠m ve webov√©
m prohl√≠≈æeƒçi.
! I can't find file `Bakal√°≈ôsk√°'.
<to be read again> 
                   \let 
<*> \documentclass
                  [bc,female,java,dept460]{diploma}						% jednostranny doku...
Please type another input file name: }
! I can't find file `}'.
<to be read again> 
                   \let 
<*> \documentclass
                  [bc,female,java,dept460]{diploma}						% jednostranny doku...
Please type another input file name: 
! I can't find file `}'.
<to be read again> 
                   \let 
<*> \documentclass
                  [bc,female,java,dept460]{diploma}						% jednostranny doku...
Please type another input file name: \CzechKeywords{typografie, \LaTeX, diplomo
v√° pr√°ce}
! I can't find file `\CzechKeywords{typografie,'.
<to be read again> 
                   \let 
<*> \documentclass
                  [bc,female,java,dept460]{diploma}						% jednostranny doku...
Please type another input file name: 
! I can't find file `\CzechKeywords{typografie,'.
<to be read again> 
                   \let 
<*> \documentclass
                  [bc,female,java,dept460]{diploma}						% jednostranny doku...
Please type another input file name: \EnglishAbstract{This is English abstract.
 This is English abstract. This is English abstract. This is English abstract. 
This is English abstract. This is English abstract.}
! I can't find file `\EnglishAbstract{This'.
<to be read again> 
                   \let 
<*> \documentclass
                  [bc,female,java,dept460]{diploma}						% jednostranny doku...
Please type another input file name: 
! I can't find file `\EnglishAbstract{This'.
<to be read again> 
                   \let 
<*> \documentclass
                  [bc,female,java,dept460]{diploma}						% jednostranny doku...
Please type another input file name: \EnglishKeywords{typography, \LaTeX, maste
r thesis}
! I can't find file `\EnglishKeywords{typography,'.
<to be read again> 
                   \let 
<*> \documentclass
                  [bc,female,java,dept460]{diploma}						% jednostranny doku...
Please type another input file name: 
! I can't find file `\EnglishKeywords{typography,'.
<to be read again> 
                   \let 
<*> \documentclass
                  [bc,female,java,dept460]{diploma}						% jednostranny doku...
Please type another input file name: % Pridame pouzivane zkratky (pokud nejake 
pouzivame).
! I can't find file `%'.
<to be read again> 
                   \let 
<*> \documentclass
                  [bc,female,java,dept460]{diploma}						% jednostranny doku...
Please type another input file name: \AddAcronym{PIM}{Personal Information Mana
gement}
! I can't find file `\AddAcronym{PIM}{Personal'.
<to be read again> 
                   \let 
<*> \documentclass
                  [bc,female,java,dept460]{diploma}						% jednostranny doku...
Please type another input file name: \AddAcronym{GPL}{General Public License}
! I can't find file `\AddAcronym{GPL}{General'.
<to be read again> 
                   \let 
<*> \documentclass
                  [bc,female,java,dept460]{diploma}						% jednostranny doku...
Please type another input file name: \AddAcronym{GNU}{GNU is Not Unix}
! I can't find file `\AddAcronym{GNU}{GNU'.
<to be read again> 
                   \let 
<*> \documentclass
                  [bc,female,java,dept460]{diploma}						% jednostranny doku...
Please type another input file name: \AddAcronym{SQL}{Structured Query Language
}
! I can't find file `\AddAcronym{SQL}{Structured'.
<to be read again> 
                   \let 
<*> \documentclass
                  [bc,female,java,dept460]{diploma}						% jednostranny doku...
Please type another input file name: \AddAcronym{HTML}{Hyper Text Markup Langua
ge}
! I can't find file `\AddAcronym{HTML}{Hyper'.
<to be read again> 
                   \let 
<*> \documentclass
                  [bc,female,java,dept460]{diploma}						% jednostranny doku...
Please type another input file name: \AddAcronym{GUI}{Graphical User Interface}

! I can't find file `\AddAcronym{GUI}{Graphical'.
<to be read again> 
                   \let 
<*> \documentclass
                  [bc,female,java,dept460]{diploma}						% jednostranny doku...
Please type another input file name: \AddAcronym{WSGI}{Web Server Gateway Inter
face}
! I can't find file `\AddAcronym{WSGI}{Web'.
<to be read again> 
                   \let 
<*> \documentclass
                  [bc,female,java,dept460]{diploma}						% jednostranny doku...
Please type another input file name: \AddAcronym{IMAP}{Internet Message Access 
Protocol}
! I can't find file `\AddAcronym{IMAP}{Internet'.
<to be read again> 
                   \let 
<*> \documentclass
                  [bc,female,java,dept460]{diploma}						% jednostranny doku...
Please type another input file name: \AddAcronym{SMTP}{Simple Mail Transfer Pro
tocol}
! I can't find file `\AddAcronym{SMTP}{Simple'.
<to be read again> 
                   \let 
<*> \documentclass
                  [bc,female,java,dept460]{diploma}						% jednostranny doku...
Please type another input file name: \AddAcronym{RSS}{RDF Site Summary}
! I can't find file `\AddAcronym{RSS}{RDF'.
<to be read again> 
                   \let 
<*> \documentclass
                  [bc,female,java,dept460]{diploma}						% jednostranny doku...
Please type another input file name: \AddAcronym{API}{Application Programming I
nterface}
! I can't find file `\AddAcronym{API}{Application'.
<to be read again> 
                   \let 
<*> \documentclass
                  [bc,female,java,dept460]{diploma}						% jednostranny doku...
Please type another input file name: 
! I can't find file `\AddAcronym{API}{Application'.
<to be read again> 
                   \let 
<*> \documentclass
                  [bc,female,java,dept460]{diploma}						% jednostranny doku...
Please type another input file name: 
! I can't find file `\AddAcronym{API}{Application'.
<to be read again> 
                   \let 
<*> \documentclass
                  [bc,female,java,dept460]{diploma}						% jednostranny doku...
Please type another input file name: % Zacatek dokumentu
! I can't find file `%'.
<to be read again> 
                   \let 
<*> \documentclass
                  [bc,female,java,dept460]{diploma}						% jednostranny doku...
Please type another input file name: \begin{document}
! I can't find file `\begin{document}'.
<to be read again> 
                   \let 
<*> \documentclass
                  [bc,female,java,dept460]{diploma}						% jednostranny doku...
Please type another input file name: 
! I can't find file `\begin{document}'.
<to be read again> 
                   \let 
<*> \documentclass
                  [bc,female,java,dept460]{diploma}						% jednostranny doku...
Please type another input file name: % Nechame vysazet titulni strany.
! I can't find file `%'.
<to be read again> 
                   \let 
<*> \documentclass
                  [bc,female,java,dept460]{diploma}						% jednostranny doku...
Please type another input file name: \MakeTitlePages
! I can't find file `\MakeTitlePages'.
<to be read again> 
                   \let 
<*> \documentclass
                  [bc,female,java,dept460]{diploma}						% jednostranny doku...
Please type another input file name: 
! I can't find file `\MakeTitlePages'.
<to be read again> 
                   \let 
<*> \documentclass
                  [bc,female,java,dept460]{diploma}						% jednostranny doku...
Please type another input file name: % Asi urcite budeme potrebovat obsah prace
.
! I can't find file `%'.
<to be read again> 
                   \let 
<*> \documentclass
                  [bc,female,java,dept460]{diploma}						% jednostranny doku...
Please type another input file name: \tableofcontents
! I can't find file `\tableofcontents'.
<to be read again> 
                   \let 
<*> \documentclass
                  [bc,female,java,dept460]{diploma}						% jednostranny doku...
Please type another input file name: \cleardoublepage	% odstrankujeme, u jednos
tranneho dokumentu o jednu stranku, u oboustrenneho o dve
! I can't find file `\cleardoublepage	%'.
<to be read again> 
                   \let 
<*> \documentclass
                  [bc,female,java,dept460]{diploma}						% jednostranny doku...
Please type another input file name: 
! I can't find file `\cleardoublepage	%'.
<to be read again> 
                   \let 
<*> \documentclass
                  [bc,female,java,dept460]{diploma}						% jednostranny doku...
Please type another input file name: % % Jsou v praci tabulky? Pokud ano vysazi
me jejich seznam.
! I can't find file `%'.
<to be read again> 
                   \let 
<*> \documentclass
                  [bc,female,java,dept460]{diploma}						% jednostranny doku...
Please type another input file name: % % Pokud ne smazeme nasledujici makro.
! I can't find file `%'.
<to be read again> 
                   \let 
<*> \documentclass
                  [bc,female,java,dept460]{diploma}						% jednostranny doku...
Please type another input file name: % \listoftables
! I can't find file `%'.
<to be read again> 
                   \let 
<*> \documentclass
                  [bc,female,java,dept460]{diploma}						% jednostranny doku...
Please type another input file name: % \cleardoublepage	% odstrankujeme, u jedn
ostranneho dokumentu o jednu stranku, u oboustrenneho o dve
! I can't find file `%'.
<to be read again> 
                   \let 
<*> \documentclass
                  [bc,female,java,dept460]{diploma}						% jednostranny doku...
Please type another input file name: %
! I can't find file `%'.
<to be read again> 
                   \let 
<*> \documentclass
                  [bc,female,java,dept460]{diploma}						% jednostranny doku...
Please type another input file name: % % Jsou v praci obrazky? Pokud ano vysazi
me jejich seznam.
! I can't find file `%'.
<to be read again> 
                   \let 
<*> \documentclass
                  [bc,female,java,dept460]{diploma}						% jednostranny doku...
Please type another input file name: % \listoffigures
! I can't find file `%'.
<to be read again> 
                   \let 
<*> \documentclass
                  [bc,female,java,dept460]{diploma}						% jednostranny doku...
Please type another input file name: % \cleardoublepage	% odstrankujeme, u jedn
ostranneho dokumentu o jednu stranku, u oboustrenneho o dve
! I can't find file `%'.
<to be read again> 
                   \let 
<*> \documentclass
                  [bc,female,java,dept460]{diploma}						% jednostranny doku...
Please type another input file name: %
! I can't find file `%'.
<to be read again> 
                   \let 
<*> \documentclass
                  [bc,female,java,dept460]{diploma}						% jednostranny doku...
Please type another input file name: %
! I can't find file `%'.
<to be read again> 
                   \let 
<*> \documentclass
                  [bc,female,java,dept460]{diploma}						% jednostranny doku...
Please type another input file name: % % Jsou v praci vypisy programu? Pokud an
o vysazime jejich seznam.
! I can't find file `%'.
<to be read again> 
                   \let 
<*> \documentclass
                  [bc,female,java,dept460]{diploma}						% jednostranny doku...
Please type another input file name: % \lstlistoflistings
! I can't find file `%'.
<to be read again> 
                   \let 
<*> \documentclass
                  [bc,female,java,dept460]{diploma}						% jednostranny doku...
Please type another input file name: % \cleardoublepage	% odstrankujeme, u jedn
ostranneho dokumentu o jednu stranku, u oboustrenneho o dve
! I can't find file `%'.
<to be read again> 
                   \let 
<*> \documentclass
                  [bc,female,java,dept460]{diploma}						% jednostranny doku...
Please type another input file name: %
! I can't find file `%'.
<to be read again> 
                   \let 
<*> \documentclass
                  [bc,female,java,dept460]{diploma}						% jednostranny doku...
Please type another input file name: 
! I can't find file `%'.
<to be read again> 
                   \let 
<*> \documentclass
                  [bc,female,java,dept460]{diploma}						% jednostranny doku...
Please type another input file name: 
! I can't find file `%'.
<to be read again> 
                   \let 
<*> \documentclass
                  [bc,female,java,dept460]{diploma}						% jednostranny doku...
Please type another input file name: % Zacneme uvodem
! I can't find file `%'.
<to be read again> 
                   \let 
<*> \documentclass
                  [bc,female,java,dept460]{diploma}						% jednostranny doku...
Please type another input file name: \section{√övod}
! I can't find file `\section{√övod}'.
<to be read again> 
                   \let 
<*> \documentclass
                  [bc,female,java,dept460]{diploma}						% jednostranny doku...
Please type another input file name: \label{sec:uvod}
! I can't find file `\label{sec:uvod}'.
<to be read again> 
                   \let 
<*> \documentclass
                  [bc,female,java,dept460]{diploma}						% jednostranny doku...
Please type another input file name: Ka≈æd√Ω se u≈æ urƒçitƒõ setkal s probl√©me
m cokoliv si zapamatovat, vƒõdƒõt kdy je kde jak√° sch≈Øzka, ≈æe m√° nakoupit k
romƒõ rohl√≠ku i ml√©ko, nebo udƒõlat projekt do ≈°koly. V dobƒõ poƒç√≠taƒçov√©
 jsou pap√≠rov√© organiz√©ry nejen nepraktick√©, ale ≈°patnƒõ se z√°lohuj√≠, ne
lze v nich vyhled√°vat a dal≈°√≠ch spousta nev√Ωhod.
! I can't find file `Ka≈æd√Ω'.
<to be read again> 
                   \let 
<*> \documentclass
                  [bc,female,java,dept460]{diploma}						% jednostranny doku...
Please type another input file name: Na internetu lze naj√≠t spousty hotov√Ωch 
≈ôe≈°en√≠, a≈• u≈æ placen√©, nebo zdarma. Jen m√°lo jich je ale pou≈æiteln√Ωch.
 Mnoho takov√Ωch slu≈æeb je poskytov√°no v cloudu a u≈æivatel nev√≠, kdo m√° k 
jeho √∫daj≈Øm p≈ô√≠stup a co se s nimi na pozad√≠ dƒõje.
! I can't find file `Na'.
<to be read again> 
                   \let 
<*> \documentclass
                  [bc,female,java,dept460]{diploma}						% jednostranny doku...
Please type another input file name: C√≠lem t√©to bakal√°≈ôsk√© pr√°ce je vyvin
out syst√©m, kter√Ω je ≈°√≠≈ôen pod otev≈ôenou licenc√≠, je jednodu≈°e roz≈°i≈ô
iteln√Ω a m√° zdokumentovan√© API.Pr√°vƒõ otev≈ôenost syst√©mu umo≈æ≈àuje tvorb
u libovoln√Ωch klientsk√Ωch ƒç√°st√≠, p≈ô√≠padnƒõ vyu≈æit√≠ v jin√Ωch aplikac√≠
ch.
! I can't find file `C√≠lem'.
<to be read again> 
                   \let 
<*> \documentclass
                  [bc,female,java,dept460]{diploma}						% jednostranny doku...
Please type another input file name: 
! I can't find file `C√≠lem'.
<to be read again> 
                   \let 
<*> \documentclass
                  [bc,female,java,dept460]{diploma}						% jednostranny doku...
Please type another input file name: 
! I can't find file `C√≠lem'.
<to be read again> 
                   \let 
<*> \documentclass
                  [bc,female,java,dept460]{diploma}						% jednostranny doku...
Please type another input file name: Prvn√≠ ƒç√°st se zab√Ωv√° vysvƒõtlen√≠m po
jm≈Ø, teorie a princip≈Ø, na kter√Ωch aplikace zakl√°d√°. Je zm√≠nƒõn programov
ac√≠ jazyk Python, jeho z√°kladn√≠ popis vƒçetnƒõ WSGI interface. D√°le je zm√≠
nƒõn Javascript a framework DoJo pro tvorbu u≈æivatelsk√Ωch rozhran√≠ v interne
tov√©m prohl√≠≈æeƒçi.
! I can't find file `Prvn√≠'.
<to be read again> 
                   \let 
<*> \documentclass
                  [bc,female,java,dept460]{diploma}						% jednostranny doku...
Please type another input file name: 
! I can't find file `Prvn√≠'.
<to be read again> 
                   \let 
<*> \documentclass
                  [bc,female,java,dept460]{diploma}						% jednostranny doku...
Please type another input file name: Druh√° ƒç√°st bakal√°≈ôske pr√°ce se zab√Ω
v√° n√°vrhem datab√°ze a architekturou aplikace, podrobn√© vysvƒõtlen√≠ fungov√
°n√≠ serverov√© ƒç√°sti a komunikac√≠ s klientskou aplikac√≠.
! I can't find file `Druh√°'.
<to be read again> 
                   \let 
<*> \documentclass
                  [bc,female,java,dept460]{diploma}						% jednostranny doku...
Please type another input file name: 
! I can't find file `Druh√°'.
<to be read again> 
                   \let 
<*> \documentclass
                  [bc,female,java,dept460]{diploma}						% jednostranny doku...
Please type another input file name: T≈ôet√≠ ƒç√°st je vƒõnov√°na podrobn√©mu p
opisu implementace, popisu vznikl√Ωch probl√©m≈Ø a jejich ≈ôe≈°en√≠. Detailnƒõj
i ukazuje strukturu programu a vyu≈æit√≠ specifick√Ωch knihoven a framework≈Ø.
! I can't find file `T≈ôet√≠'.
<to be read again> 
                   \let 
<*> \documentclass
                  [bc,female,java,dept460]{diploma}						% jednostranny doku...
Please type another input file name: 
! I can't find file `T≈ôet√≠'.
<to be read again> 
                   \let 
<*> \documentclass
                  [bc,female,java,dept460]{diploma}						% jednostranny doku...
Please type another input file name: 
! I can't find file `T≈ôet√≠'.
<to be read again> 
                   \let 
<*> \documentclass
                  [bc,female,java,dept460]{diploma}						% jednostranny doku...
Please type another input file name: \section{Teoretick√Ω rozbor}
! I can't find file `\section{Teoretick√Ω'.
<to be read again> 
                   \let 
<*> \documentclass
                  [bc,female,java,dept460]{diploma}						% jednostranny doku...
Please type another input file name: 
! I can't find file `\section{Teoretick√Ω'.
<to be read again> 
                   \let 
<*> \documentclass
                  [bc,female,java,dept460]{diploma}						% jednostranny doku...
Please type another input file name: \subsection{Proƒç PIM}
! I can't find file `\subsection{Proƒç'.
<to be read again> 
                   \let 
<*> \documentclass
                  [bc,female,java,dept460]{diploma}						% jednostranny doku...
Please type another input file name: Projekt≈Ø pro PIM existuje spousta, placen
√Ωch i zdarma, ale p≈ôi bli≈æ≈°√≠m prozkoum√°n√≠ ≈æ√°dn√Ω nebyl vyhovuj√≠c√≠.
! I can't find file `Projekt≈Ø'.
<to be read again> 
                   \let 
<*> \documentclass
                  [bc,female,java,dept460]{diploma}						% jednostranny doku...
Please type another input file name: Vƒõt≈°ina takov√Ωchto projekt≈Ø je realizo
v√°na jako centralizovan√° online slu≈æba, nejƒçastƒõji v podobƒõ webov√© str√°
nky.
! I can't find file `Vƒõt≈°ina'.
<to be read again> 
                   \let 
<*> \documentclass
                  [bc,female,java,dept460]{diploma}						% jednostranny doku...
Please type another input file name: U≈æivatel√© tak sice maj√≠ jednoduch√Ω p≈ô
√≠stup, ale takov√Ωto zp≈Øsob ukl√°d√°n√≠ osobn√≠ch dat nen√≠ bezpeƒçn√Ω, proto
≈æe nikdy nelze odhadnout, kdo je majitel serveru a co s na≈°imi daty ve skuteƒ
çnosti prov√°d√≠. Ukl√°d√°n√≠ firemn√≠ch a citliv√Ωch dat v takov√Ωch slu≈æb√°c
h je tedy nemo≈æn√©.
! I can't find file `U≈æivatel√©'.
<to be read again> 
                   \let 
<*> \documentclass
                  [bc,female,java,dept460]{diploma}						% jednostranny doku...
Please type another input file name: Existuj√≠ sice i open source aplikace, ale
 kvalita a u≈æivatelsk√° p≈ô√≠vƒõtivost pokulh√°v√°.
! I can't find file `Existuj√≠'.
<to be read again> 
                   \let 
<*> \documentclass
                  [bc,female,java,dept460]{diploma}						% jednostranny doku...
Please type another input file name: 
! I can't find file `Existuj√≠'.
<to be read again> 
                   \let 
<*> \documentclass
                  [bc,female,java,dept460]{diploma}						% jednostranny doku...
Please type another input file name: P≈ôi v√Ωbƒõru framework≈Ø a programovac√≠c
h jazyk≈Ø byl kladen d≈Øraz na nen√°roƒçnost, multiplatformnost pro snadnou p≈ô
enositelnost nap≈ô√≠ƒç operaƒçn√≠mi syst√©my a v√Ωslednou kvalitu fin√°ln√≠ apl
ikace.
! I can't find file `P≈ôi'.
<to be read again> 
                   \let 
<*> \documentclass
                  [bc,female,java,dept460]{diploma}						% jednostranny doku...
Please type another input file name: 
! I can't find file `P≈ôi'.
<to be read again> 
                   \let 
<*> \documentclass
                  [bc,female,java,dept460]{diploma}						% jednostranny doku...
Please type another input file name: Pro tvorbu grafick√©ho u≈æivatelsk√©ho roz
hran√≠ se vyu≈æ√≠v√° internetov√©ho prohl√≠≈æeƒçe, kter√Ω je nainstalov√°n na v
ƒõt≈°inƒõ poƒç√≠taƒç≈Ø a nen√≠ tedy nutn√© instalovat dal≈°√≠ programy. Z toho 
plyne snadn√° pou≈æitelnost prakticky kdekoliv.
! I can't find file `Pro'.
<to be read again> 
                   \let 
<*> \documentclass
                  [bc,female,java,dept460]{diploma}						% jednostranny doku...
Please type another input file name: Internetov√© prohl√≠≈æeƒçe lze v dne≈°n√≠ 
dobƒõ vyu≈æ√≠vat pro tvorbu aplikac√≠, kter√© jsou tak≈ôka k nerozezn√°n√≠ od n
ativn√≠ aplikace.
! I can't find file `Internetov√©'.
<to be read again> 
                   \let 
<*> \documentclass
                  [bc,female,java,dept460]{diploma}						% jednostranny doku...
Please type another input file name: Vyu≈æ√≠v√° se k tomu JavaScript a AJAX, kd
y se naƒçte pr√°zn√° str√°nka a JavaScript dynamicky vytv√°≈ô√≠ GUI prvky a umi
s≈•uje na str√°nku.
! I can't find file `Vyu≈æ√≠v√°'.
<to be read again> 
                   \let 
<*> \documentclass
                  [bc,female,java,dept460]{diploma}						% jednostranny doku...
Please type another input file name: P≈ôi interakci s u≈æivatelem se str√°nka n
ikdy nenaƒç√≠t√° znovu (refresh), ale data si st√°hne ze serveru ve form√°tu JS
ON a p≈ô√≠padnƒõ p≈ôekresl√≠ urƒçitou ƒç√°st u≈æivatelsk√©ho rozhran√≠. Takov√©
 aplikace se ƒçasto oznaƒçuj√≠ jako RIA - Rich Internet Application.
! I can't find file `P≈ôi'.
<to be read again> 
                   \let 
<*> \documentclass
                  [bc,female,java,dept460]{diploma}						% jednostranny doku...
Please type another input file name: 
! I can't find file `P≈ôi'.
<to be read again> 
                   \let 
<*> \documentclass
                  [bc,female,java,dept460]{diploma}						% jednostranny doku...
Please type another input file name: Na serverovou ƒç√°st byl zvolen programova
c√≠ jazyk Python pro svou p≈ôehlednost a snadn√© pou≈æit√≠. Skripty jsou pak sp
ou≈°tƒõny webov√Ωm serverem (najƒçasteji Apache) pomoc√≠ rozhran√≠ WSGI. Python
 je interpretovan√Ω jazyk (ƒçasto oznaƒçov√°n jako skriptovac√≠) a jeho interpr
eter je dostupn√Ω pro vƒõt≈°inu operaƒçn√≠ch syst√©m≈Ø.
! I can't find file `Na'.
<to be read again> 
                   \let 
<*> \documentclass
                  [bc,female,java,dept460]{diploma}						% jednostranny doku...
Please type another input file name: 
! I can't find file `Na'.
<to be read again> 
                   \let 
<*> \documentclass
                  [bc,female,java,dept460]{diploma}						% jednostranny doku...
Please type another input file name: 
! I can't find file `Na'.
<to be read again> 
                   \let 
<*> \documentclass
                  [bc,female,java,dept460]{diploma}						% jednostranny doku...
Please type another input file name: \subsection{JavaScript a RIA aplikace, DoJ
o}
! I can't find file `\subsection{JavaScript'.
<to be read again> 
                   \let 
<*> \documentclass
                  [bc,female,java,dept460]{diploma}						% jednostranny doku...
Please type another input file name: % \label{sec:teorie-javascript}
! I can't find file `%'.
<to be read again> 
                   \let 
<*> \documentclass
                  [bc,female,java,dept460]{diploma}						% jednostranny doku...
Please type another input file name: JavaScript je objektovƒõ orientovan√Ω prog
ramovac√≠ jazyk, vyu≈æ√≠van√Ω p≈ôi tvorbƒõ webov√Ωch str√°nek. Na rozd√≠l od se
rverov√Ωch programovac√≠ch jazyk≈Ø (nap≈ô√≠klad PHP) slou≈æ√≠c√≠ch ke generov√°
n√≠ k√≥du samotn√© str√°nky, JavaScript bƒõ≈æ√≠ na stranƒõ klienta, tedy v proh
l√≠≈æeƒçi a≈æ po sta≈æen√≠ do va≈°eho poƒç√≠taƒçe.
! I can't find file `JavaScript'.
<to be read again> 
                   \let 
<*> \documentclass
                  [bc,female,java,dept460]{diploma}						% jednostranny doku...
Please type another input file name: 
! I can't find file `JavaScript'.
<to be read again> 
                   \let 
<*> \documentclass
                  [bc,female,java,dept460]{diploma}						% jednostranny doku...
Please type another input file name: 
! I can't find file `JavaScript'.
<to be read again> 
                   \let 
<*> \documentclass
                  [bc,female,java,dept460]{diploma}						% jednostranny doku...
Please type another input file name: JavaScript se pou≈æ√≠v√° p≈ôedev≈°√≠m pro 
vytv√°≈ôen√≠ interaktivn√≠ch webov√Ωch str√°nek. P≈ô√≠kladem pou≈æit√≠ mohou b√
Ωt nejr≈Øznƒõj≈°√≠ kontroly spr√°vn√©ho vyplnƒõn√≠ formul√°≈ô≈Ø, obr√°zky mƒõn√
≠c√≠ se po p≈ôejet√≠ my≈°√≠, rozbalovac√≠ menu atd. JavaScript se tak√© ƒçasto 
pou≈æ√≠v√° k mƒõ≈ôen√≠ statistik n√°v≈°tƒõvnosti.
! I can't find file `JavaScript'.
<to be read again> 
                   \let 
<*> \documentclass
                  [bc,female,java,dept460]{diploma}						% jednostranny doku...
Please type another input file name: 
! I can't find file `JavaScript'.
<to be read again> 
                   \let 
<*> \documentclass
                  [bc,female,java,dept460]{diploma}						% jednostranny doku...
Please type another input file name: 
! I can't find file `JavaScript'.
<to be read again> 
                   \let 
<*> \documentclass
                  [bc,female,java,dept460]{diploma}						% jednostranny doku...
Please type another input file name: Spoleƒçnƒõ s jazykem HTML a CSS (form√°tov
√°n√≠m vzhledu str√°nky) je JavaScript souƒç√°st√≠ DHTML, souboru technik a pos
tup≈Ø zamƒõ≈ôen√Ωch na zlep≈°en√≠ u≈æivatelsk√©ho rozhran√≠ a zv√Ω≈°en√≠ pro≈æi
tku z pou≈æ√≠v√°n√≠ str√°nek. K tomu JavaScript vyu≈æ√≠v√° tzv. DOM, rozhran√≠ 
umo≈æ≈àuj√≠c√≠ p≈ôistupovat k jednotliv√Ωm prvk≈Øm str√°nky.
! I can't find file `Spoleƒçnƒõ'.
<to be read again> 
                   \let 
<*> \documentclass
                  [bc,female,java,dept460]{diploma}						% jednostranny doku...
Please type another input file name: 
! I can't find file `Spoleƒçnƒõ'.
<to be read again> 
                   \let 
<*> \documentclass
                  [bc,female,java,dept460]{diploma}						% jednostranny doku...
Please type another input file name: 
! I can't find file `Spoleƒçnƒõ'.
<to be read again> 
                   \let 
<*> \documentclass
                  [bc,female,java,dept460]{diploma}						% jednostranny doku...
Please type another input file name: JavaScript vyvinula spoleƒçnost Netscape v
 roce 1995 a v roce 1998 byl standardizov√°n organizac√≠ ISO
! I can't find file `JavaScript'.
<to be read again> 
                   \let 
<*> \documentclass
                  [bc,female,java,dept460]{diploma}						% jednostranny doku...
Please type another input file name: 
! I can't find file `JavaScript'.
<to be read again> 
                   \let 
<*> \documentclass
                  [bc,female,java,dept460]{diploma}						% jednostranny doku...
Please type another input file name: Dojo Toolkit je kolekc√≠ javascriptov√Ωch 
komponent, kter√© maj√≠ pomoct webov√©mu v√Ωvoj√°≈ôi. Z√°kladem je dojo.js, kte
r√Ω obsahuje kolekci ‚Äûnezbytn√Ωch‚Äú API pro nejƒçastƒõj≈°√≠ pou≈æit√≠ a nab√
≠z√≠ celou knihovnu funkc√≠. Dojo je zcela zadarmo pod du√°ln√≠ licenc√≠ AFL a 
BSD licenc√≠.
! I can't find file `Dojo'.
<to be read again> 
                   \let 
<*> \documentclass
                  [bc,female,java,dept460]{diploma}						% jednostranny doku...
Please type another input file name: 
! I can't find file `Dojo'.
<to be read again> 
                   \let 
<*> \documentclass
                  [bc,female,java,dept460]{diploma}						% jednostranny doku...
Please type another input file name: Druhou ƒç√°st√≠ DoJo toolkitu je GUI kniho
vna dijit a dojox, kter√° poskytuje plnohodnotn√© prvky pro tvorbu u≈æivatelsk√
Ωch rozhran√≠, vyu≈æ√≠v√° t≈ô√≠d a dƒõdiƒçnosti.
! I can't find file `Druhou'.
<to be read again> 
                   \let 
<*> \documentclass
                  [bc,female,java,dept460]{diploma}						% jednostranny doku...
Please type another input file name: 
! I can't find file `Druhou'.
<to be read again> 
                   \let 
<*> \documentclass
                  [bc,female,java,dept460]{diploma}						% jednostranny doku...
Please type another input file name: \subsection{Python, WSGI}
! I can't find file `\subsection{Python,'.
<to be read again> 
                   \let 
<*> \documentclass
                  [bc,female,java,dept460]{diploma}						% jednostranny doku...
Please type another input file name: % \label{sec:teorie-javascript}
! I can't find file `%'.
<to be read again> 
                   \let 
<*> \documentclass
                  [bc,female,java,dept460]{diploma}						% jednostranny doku...
Please type another input file name: Programovac√≠ jazyk Python vytvo≈ôil Guido
 van Rossum o v√°noc√≠ch roku 1989.
! I can't find file `Programovac√≠'.
<to be read again> 
                   \let 
<*> \documentclass
                  [bc,female,java,dept460]{diploma}						% jednostranny doku...
Please type another input file name: P≈ôi sv√© pr√°ci v holandsk√©m institutu C
WI pot≈ôeboval jazyk pro psan√≠ utilit pro distribuovan√Ω operaƒçn√≠ syst√©m,
! I can't find file `P≈ôi'.
<to be read again> 
                   \let 
<*> \documentclass
                  [bc,female,java,dept460]{diploma}						% jednostranny doku...
Please type another input file name: jen≈æ skupina, ve kter√© pracoval, vyv√≠je
la.
! I can't find file `jen≈æ'.
<to be read again> 
                   \let 
<*> \documentclass
                  [bc,female,java,dept460]{diploma}						% jednostranny doku...
Please type another input file name: Mƒõl v √∫myslu vytvo≈ôit snadno roz≈°i≈ôit
eln√Ω jazyk podobn√Ω jazyku ABC a podoporuj√≠c√≠ v√Ωjimky.
! I can't find file `Mƒõl'.
<to be read again> 
                   \let 
<*> \documentclass
                  [bc,female,java,dept460]{diploma}						% jednostranny doku...
Please type another input file name: V √∫noru roku 1991 na Usenetu ohl√°sil prv
n√≠ ve≈ôejnou verzi Pythonu.
! I can't find file `V'.
<to be read again> 
                   \let 
<*> \documentclass
                  [bc,female,java,dept460]{diploma}						% jednostranny doku...
Please type another input file name: 
! I can't find file `V'.
<to be read again> 
                   \let 
<*> \documentclass
                  [bc,female,java,dept460]{diploma}						% jednostranny doku...
Please type another input file name: Dnes je Python ≈°iroce pou≈æ√≠v√°n na mnoh
a m√≠stech, kde je pot≈ôeba p≈ôehledn√Ω a snadno spravovateln√Ω k√≥d.
! I can't find file `Dnes'.
<to be read again> 
                   \let 
<*> \documentclass
                  [bc,female,java,dept460]{diploma}						% jednostranny doku...
Please type another input file name: M≈Ø≈æeme uv√©st, ≈æe jej pou≈æ√≠v√° NASA p
ro u≈æivatelsk√© rozhran√≠ syst√©mu ≈ô√≠d√≠c√≠ho lety raketopl√°n≈Ø, aplikaƒçn√
≠ server Zope,
! I can't find file `M≈Ø≈æeme'.
<to be read again> 
                   \let 
<*> \documentclass
                  [bc,female,java,dept460]{diploma}						% jednostranny doku...
Please type another input file name: origin√°ln√≠ implementace protokolu BitTor
rent, bal√≠ƒçkovac√≠ syst√©m Portage v distribuci Gentoo,
! I can't find file `origin√°ln√≠'.
<to be read again> 
                   \let 
<*> \documentclass
                  [bc,female,java,dept460]{diploma}						% jednostranny doku...
Please type another input file name: stejnƒõ tak instal√°tor Anaconda poch√°zej
√≠c√≠ z RedHat Linuxu a mnoh√© jin√© vƒõt≈°√≠ ƒçi men≈°√≠ programov√© celky.
! I can't find file `stejnƒõ'.
<to be read again> 
                   \let 
<*> \documentclass
                  [bc,female,java,dept460]{diploma}						% jednostranny doku...
Please type another input file name: 
! I can't find file `stejnƒõ'.
<to be read again> 
                   \let 
<*> \documentclass
                  [bc,female,java,dept460]{diploma}						% jednostranny doku...
Please type another input file name: Python se vyznaƒçuje pomƒõrnƒõ netradiƒçn√
≠ syntax√≠ zalo≈æenou na odsazov√°n√≠.
! I can't find file `Python'.
<to be read again> 
                   \let 
<*> \documentclass
                  [bc,female,java,dept460]{diploma}						% jednostranny doku...
Please type another input file name: Takt√©≈æ m≈Ø≈æe b√Ωt pro zaƒç√°teƒçn√≠ka m
atouc√≠,
! I can't find file `Takt√©≈æ'.
<to be read again> 
                   \let 
<*> \documentclass
                  [bc,female,java,dept460]{diploma}						% jednostranny doku...
Please type another input file name: ≈æe Python je silnƒõ objektov√Ω beztypov√Ω
 jazyk s p≈ô√≠stupem podobn√Ωm sp√≠≈°e Smalltalku ne≈æli "bƒõ≈æn√Ωm"
! I can't find file `≈æe'.
<to be read again> 
                   \let 
<*> \documentclass
                  [bc,female,java,dept460]{diploma}						% jednostranny doku...
Please type another input file name: objektov√Ωm jazyk≈Øm jako je t≈ôeba Java.
! I can't find file `objektov√Ωm'.
<to be read again> 
                   \let 
<*> \documentclass
                  [bc,female,java,dept460]{diploma}						% jednostranny doku...
Please type another input file name: 
! I can't find file `objektov√Ωm'.
<to be read again> 
                   \let 
<*> \documentclass
                  [bc,female,java,dept460]{diploma}						% jednostranny doku...
Please type another input file name: Python je jazyk interpretovan√Ω a ƒçasto p
ova≈æovan√Ω za skriptovac√≠.
! I can't find file `Python'.
<to be read again> 
                   \let 
<*> \documentclass
                  [bc,female,java,dept460]{diploma}						% jednostranny doku...
Please type another input file name: P≈ôesto je v nƒõm mo≈æno ps√°t i docela ro
zs√°hl√© programov√© celky.
! I can't find file `P≈ôesto'.
<to be read again> 
                   \let 
<*> \documentclass
                  [bc,female,java,dept460]{diploma}						% jednostranny doku...
Please type another input file name: 
! I can't find file `P≈ôesto'.
<to be read again> 
                   \let 
<*> \documentclass
                  [bc,female,java,dept460]{diploma}						% jednostranny doku...
Please type another input file name: 
! I can't find file `P≈ôesto'.
<to be read again> 
                   \let 
<*> \documentclass
                  [bc,female,java,dept460]{diploma}						% jednostranny doku...
Please type another input file name: WSGI (Web Server Gateway Interface) definu
je jednoduch√© a univerz√°ln√≠ rozhran√≠ (interface) mezi webov√Ωm serverem
! I can't find file `WSGI'.
<to be read again> 
                   \let 
<*> \documentclass
                  [bc,female,java,dept460]{diploma}						% jednostranny doku...
Please type another input file name: a webovou aplikac√≠ nebo frameworkem v pro
gramovac√≠m jazyce Python.
! I can't find file `a'.
<to be read again> 
                   \let 
<*> \documentclass
                  [bc,female,java,dept460]{diploma}						% jednostranny doku...
Please type another input file name: Posledn√≠ verze jazyka Python, 3.0, vydan√
° v prosinci 2008, je ji≈æ podporov√°na modulem modwsgi webov√©ho serveru Apach
e.
! I can't find file `Posledn√≠'.
<to be read again> 
                   \let 
<*> \documentclass
                  [bc,female,java,dept460]{diploma}						% jednostranny doku...
Please type another input file name: 
! I can't find file `Posledn√≠'.
<to be read again> 
                   \let 
<*> \documentclass
                  [bc,female,java,dept460]{diploma}						% jednostranny doku...
Please type another input file name: 
! I can't find file `Posledn√≠'.
<to be read again> 
                   \let 
<*> \documentclass
                  [bc,female,java,dept460]{diploma}						% jednostranny doku...
Please type another input file name: \subsection{PostgreSQL}
! I can't find file `\subsection{PostgreSQL}'.
<to be read again> 
                   \let 
<*> \documentclass
                  [bc,female,java,dept460]{diploma}						% jednostranny doku...
Please type another input file name: % \label{sec:teorie-postgres}
! I can't find file `%'.
<to be read again> 
                   \let 
<*> \documentclass
                  [bc,female,java,dept460]{diploma}						% jednostranny doku...
Please type another input file name: PostgreSQL, ƒçasto jednodu≈°e Postgres, je
 objektovƒõ-relaƒçn√≠ datab√°zov√Ω syst√©m (ORDBMS).
! I can't find file `PostgreSQL,'.
<to be read again> 
                   \let 
<*> \documentclass
                  [bc,female,java,dept460]{diploma}						% jednostranny doku...
Please type another input file name: Vyd√°v√°n je pod licenc√≠ typu MIT a tud√≠
≈æ se jedn√° o free a open source software.
! I can't find file `Vyd√°v√°n'.
<to be read again> 
                   \let 
<*> \documentclass
                  [bc,female,java,dept460]{diploma}						% jednostranny doku...
Please type another input file name: Stejnƒõ jako v p≈ô√≠padƒõ mnoha dal≈°√≠ch 
open source program≈Ø, PostgreSQL nen√≠ vlastnƒõn jedinou firmou,
! I can't find file `Stejnƒõ'.
<to be read again> 
                   \let 
<*> \documentclass
                  [bc,female,java,dept460]{diploma}						% jednostranny doku...
Please type another input file name: ale na jeho v√Ωvoji se pod√≠l√≠ glob√°ln√≠
 komunita v√Ωvoj√°≈ô≈Ø a firem.
! I can't find file `ale'.
<to be read again> 
                   \let 
<*> \documentclass
                  [bc,female,java,dept460]{diploma}						% jednostranny doku...
Please type another input file name: 
! I can't find file `ale'.
<to be read again> 
                   \let 
<*> \documentclass
                  [bc,female,java,dept460]{diploma}						% jednostranny doku...
Please type another input file name: PostgreSQL je prim√°rnƒõ vyv√≠jen pro Linu
x resp. pro unixov√© syst√©my obecnƒõ, nicm√©nƒõ existuj√≠ i bal√≠ƒçky pro plat
formu win32.
! I can't find file `PostgreSQL'.
<to be read again> 
                   \let 
<*> \documentclass
                  [bc,female,java,dept460]{diploma}						% jednostranny doku...
Please type another input file name: 
! I can't find file `PostgreSQL'.
<to be read again> 
                   \let 
<*> \documentclass
                  [bc,female,java,dept460]{diploma}						% jednostranny doku...
Please type another input file name: \section{Architektura aplikace}
! I can't find file `\section{Architektura'.
<to be read again> 
                   \let 
<*> \documentclass
                  [bc,female,java,dept460]{diploma}						% jednostranny doku...
Please type another input file name: \label{sec:architektura}
! I can't find file `\label{sec:architektura}'.
<to be read again> 
                   \let 
<*> \documentclass
                  [bc,female,java,dept460]{diploma}						% jednostranny doku...
Please type another input file name: 
! I can't find file `\label{sec:architektura}'.
<to be read again> 
                   \let 
<*> \documentclass
                  [bc,female,java,dept460]{diploma}						% jednostranny doku...
Please type another input file name: Princip aplikace je rozdƒõlen√≠ na dvƒõ ƒç
√°sti - klientsk√° strana,
! I can't find file `Princip'.
<to be read again> 
                   \let 
<*> \documentclass
                  [bc,female,java,dept460]{diploma}						% jednostranny doku...
Please type another input file name: kterou m≈Ø≈æu zast√°vat jak√°koliv vzd√°le
n√° aplikace (nap≈ô. JavaScript aplikace pro dekstop, Java aplikace pro Android
)
! I can't find file `kterou'.
<to be read again> 
                   \let 
<*> \documentclass
                  [bc,female,java,dept460]{diploma}						% jednostranny doku...
Please type another input file name: a na serverovou aplikaci. Tyto dvƒõ kompon
enty spolu komunikuj√≠ p≈ôedem pevnƒõ dan√Ωm protokolem ve form√°tu JSON.
! I can't find file `a'.
<to be read again> 
                   \let 
<*> \documentclass
                  [bc,female,java,dept460]{diploma}						% jednostranny doku...
Please type another input file name: To p≈ôin√°≈°√≠ mnoho v√Ωhod, nap≈ô. nez√°v
islost klientsk√© aplikace,
! I can't find file `To'.
<to be read again> 
                   \let 
<*> \documentclass
                  [bc,female,java,dept460]{diploma}						% jednostranny doku...
Please type another input file name: kterou si kdokoliv m≈Ø≈æe napsat d√≠ky ve≈
ôejn√©mu API - d√≠ky tomu je mo≈æn√© vytvo≈ôit alternativn√≠ nativn√≠ aplikace 
pro mobiln√≠ platformy,
! I can't find file `kterou'.
<to be read again> 
                   \let 
<*> \documentclass
                  [bc,female,java,dept460]{diploma}						% jednostranny doku...
Please type another input file name: p≈ô√≠padnƒõ jin√© syst√©my.
! I can't find file `p≈ô√≠padnƒõ'.
<to be read again> 
                   \let 
<*> \documentclass
                  [bc,female,java,dept460]{diploma}						% jednostranny doku...
Please type another input file name: 
! I can't find file `p≈ô√≠padnƒõ'.
<to be read again> 
                   \let 
<*> \documentclass
                  [bc,female,java,dept460]{diploma}						% jednostranny doku...
Please type another input file name: \includegraphics[width=0.7\textwidth]{../a
pplicationArchitecture.png}
! I can't find file `\includegraphics[width=0.7\textwidth]{../applicationArchit
ecture.png}'.
<to be read again> 
                   \let 
<*> \documentclass
                  [bc,female,java,dept460]{diploma}						% jednostranny doku...
Please type another input file name: 
! I can't find file `applicationArchitecture'.
<to be read again> 
                   \let 
<*> \documentclass
                  [bc,female,java,dept460]{diploma}						% jednostranny doku...
Please type another input file name: JSON, ve zkratce JavaScript Object Notatio
n je zp≈Øsob z√°pisu dat (datov√Ω form√°t) nez√°visl√Ω na poƒç√≠taƒçov√© platfo
rmƒõ,
! I can't find file `JSON,'.
<to be read again> 
                   \let 
<*> \documentclass
                  [bc,female,java,dept460]{diploma}						% jednostranny doku...
Please type another input file name: urƒçen√Ω pro p≈ôenos dat, kter√° mohou b√Ω
t organizov√°na v pol√≠ch nebo agregov√°na objektech.
! I can't find file `urƒçen√Ω'.
<to be read again> 
                   \let 
<*> \documentclass
                  [bc,female,java,dept460]{diploma}						% jednostranny doku...
Please type another input file name: Vstupem je libovoln√° datov√° struktura (ƒ
ç√≠slo, ≈ôetƒõzec, boolean, objekt nebo z nich slo≈æen√© pole), v√Ωstupem je v≈
ædy ≈ôetƒõzec.
! I can't find file `Vstupem'.
<to be read again> 
                   \let 
<*> \documentclass
                  [bc,female,java,dept460]{diploma}						% jednostranny doku...
Please type another input file name: Slo≈æitost hierarchie vstupn√≠ promƒõnn√© 
nen√≠ teoreticky nijak neomezena.
! I can't find file `Slo≈æitost'.
<to be read again> 
                   \let 
<*> \documentclass
                  [bc,female,java,dept460]{diploma}						% jednostranny doku...
Please type another input file name: 
! I can't find file `Slo≈æitost'.
<to be read again> 
                   \let 
<*> \documentclass
                  [bc,female,java,dept460]{diploma}						% jednostranny doku...
Please type another input file name: Navzdory n√°zvu, JSON je zcela obecn√Ω a m
≈Ø≈æe slou≈æit pro p≈ôenos dat (nav√≠c, ƒçiteln√Ω pro ƒçlovƒõka)
! I can't find file `Navzdory'.
<to be read again> 
                   \let 
<*> \documentclass
                  [bc,female,java,dept460]{diploma}						% jednostranny doku...
Please type another input file name: v libovoln√©m programovac√≠m nebo skriptov
ac√≠m jazyku.
! I can't find file `v'.
<to be read again> 
                   \let 
<*> \documentclass
                  [bc,female,java,dept460]{diploma}						% jednostranny doku...
Please type another input file name: Data, zapsan√° metodou JSON, mohou b√Ωt sa
moz≈ôejmƒõ ulo≈æena a p≈ôen√°≈°ena v souborech;
! I can't find file `Data,'.
<to be read again> 
                   \let 
<*> \documentclass
                  [bc,female,java,dept460]{diploma}						% jednostranny doku...
Please type another input file name: ƒçastƒõji ale p≈ôenos prob√≠h√° v prost≈ôe
d√≠ intra- nebo internetu (nap≈ô. s pou≈æit√≠m technologie AJAX).
! I can't find file `ƒçastƒõji'.
<to be read again> 
                   \let 
<*> \documentclass
                  [bc,female,java,dept460]{diploma}						% jednostranny doku...
Please type another input file name: 
! I can't find file `ƒçastƒõji'.
<to be read again> 
                   \let 
<*> \documentclass
                  [bc,female,java,dept460]{diploma}						% jednostranny doku...
Please type another input file name: Mezi nedostatky JSON pat≈ô√≠ to, ≈æe neumo
≈æ≈àuje definovat znakovou sadu p≈ôen√°≈°en√©ho obsahu,
! I can't find file `Mezi'.
<to be read again> 
                   \let 
<*> \documentclass
                  [bc,female,java,dept460]{diploma}						% jednostranny doku...
Please type another input file name: optimalizace pro p≈ôenos bin√°rn√≠ch dat. 
Tyto nedostatky plat√≠ ale pro nƒõkter√© (slab≈°√≠) implementace.
! I can't find file `optimalizace'.
<to be read again> 
                   \let 
<*> \documentclass
                  [bc,female,java,dept460]{diploma}						% jednostranny doku...
Please type another input file name: Nealfabetick√© znaky v ≈ôetƒõzc√≠ch a bin√
°rn√≠ data JSON jsou escapov√°ny zpƒõtn√Ωm lom√≠tkem,
! I can't find file `Nealfabetick√©'.
<to be read again> 
                   \let 
<*> \documentclass
                  [bc,female,java,dept460]{diploma}						% jednostranny doku...
Please type another input file name: za kter√Ωm n√°sleduje buƒè jeden z bƒõ≈ænƒ
õ pou≈æ√≠van√Ωch znak≈Ø (nap≈ô. \\n pro nov√Ω ≈ô√°dek, \\t pro tabul√°tor, \\\ 
pro samotn√© zpƒõtn√© lom√≠tko)
! I can't find file `za'.
<to be read again> 
                   \let 
<*> \documentclass
                  [bc,female,java,dept460]{diploma}						% jednostranny doku...
Please type another input file name: nebo \\u indikuj√≠c√≠ znak z Unicode (UTF-
16), za n√≠m≈æ n√°sleduj√≠ ƒçty≈ôi hexadecim√°ln√≠ ƒç√≠slice.
! I can't find file `nebo'.
<to be read again> 
                   \let 
<*> \documentclass
                  [bc,female,java,dept460]{diploma}						% jednostranny doku...
Please type another input file name: 
! I can't find file `nebo'.
<to be read again> 
                   \let 
<*> \documentclass
                  [bc,female,java,dept460]{diploma}						% jednostranny doku...
Please type another input file name: D√° se ≈ô√≠ci, ≈æe JSON s√°z√≠ na jednoduc
host zp≈Øsobu ulo≈æen√≠ dat, srozumitelnost (data jsou ƒçiteln√° ƒçlovƒõkem),
! I can't find file `D√°'.
<to be read again> 
                   \let 
<*> \documentclass
                  [bc,female,java,dept460]{diploma}						% jednostranny doku...
Please type another input file name: platformovou nez√°vislost a jednotnost (JS
ON se rychle etabloval) a to v≈°e na √∫kor velikosti p≈ôen√°≈°en√Ωch dat.
! I can't find file `platformovou'.
<to be read again> 
                   \let 
<*> \documentclass
                  [bc,female,java,dept460]{diploma}						% jednostranny doku...
Please type another input file name: 
! I can't find file `platformovou'.
<to be read again> 
                   \let 
<*> \documentclass
                  [bc,female,java,dept460]{diploma}						% jednostranny doku...
Please type another input file name: 
! I can't find file `platformovou'.
<to be read again> 
                   \let 
<*> \documentclass
                  [bc,female,java,dept460]{diploma}						% jednostranny doku...
Please type another input file name: \newpage
! I can't find file `\newpage'.
<to be read again> 
                   \let 
<*> \documentclass
                  [bc,female,java,dept460]{diploma}						% jednostranny doku...
Please type another input file name: \subsection{Komunikaƒçn√≠ protokol}
! I can't find file `\subsection{Komunikaƒçn√≠'.
<to be read again> 
                   \let 
<*> \documentclass
                  [bc,female,java,dept460]{diploma}						% jednostranny doku...
Please type another input file name: JSON komunikaci zahajuje v≈ædy klientsk√° 
strana, tedy zjednodu≈°enƒõ ≈ôeƒçeno zavol√° konkr√©tn√≠ modul na serveru.
! I can't find file `JSON'.
<to be read again> 
                   \let 
<*> \documentclass
                  [bc,female,java,dept460]{diploma}						% jednostranny doku...
Please type another input file name: 
! I can't find file `JSON'.
<to be read again> 
                   \let 
<*> \documentclass
                  [bc,female,java,dept460]{diploma}						% jednostranny doku...
Please type another input file name: P≈ôi po≈æadavku na server pomoc√≠ URL urƒç
√≠me modul a jeho metodu.
! I can't find file `P≈ôi'.
<to be read again> 
                   \let 
<*> \documentclass
                  [bc,female,java,dept460]{diploma}						% jednostranny doku...
Please type another input file name: P≈ôi standartn√≠ konfiguraci m√° skript se
rver/server.wsgi alias v HTTP server na \/server.
! I can't find file `P≈ôi'.
<to be read again> 
                   \let 
<*> \documentclass
                  [bc,female,java,dept460]{diploma}						% jednostranny doku...
Please type another input file name: P≈ôi vol√°n√≠ modulu se tedy pomoc√≠ serve
r\/nazev\_modulu\/nazev\_metody zavol√° konkr√©tn√≠ funkce.
! I can't find file `P≈ôi'.
<to be read again> 
                   \let 
<*> \documentclass
                  [bc,female,java,dept460]{diploma}						% jednostranny doku...
Please type another input file name: 
! I can't find file `P≈ôi'.
<to be read again> 
                   \let 
<*> \documentclass
                  [bc,female,java,dept460]{diploma}						% jednostranny doku...
Please type another input file name: Nap≈ô√≠klad pro z√≠sk√°n√≠ dat v≈°ech ud√°
lost√≠ se vol√° URL server\/Events\/getData
! I can't find file `Nap≈ô√≠klad'.
<to be read again> 
                   \let 
<*> \documentclass
                  [bc,female,java,dept460]{diploma}						% jednostranny doku...
Please type another input file name: Ka≈æd√Ω modul by mƒõl implementovat 4 z√°k
ladn√≠ metody - getData, update, insert a delete - v√≠ce informac√≠ v sekci Arc
hitektura serveru
! I can't find file `Ka≈æd√Ω'.
<to be read again> 
                   \let 
<*> \documentclass
                  [bc,female,java,dept460]{diploma}						% jednostranny doku...
Please type another input file name: \ref{sec:ServerArchitecture}
! I can't find file `\ref{sec:ServerArchitecture}'.
<to be read again> 
                   \let 
<*> \documentclass
                  [bc,female,java,dept460]{diploma}						% jednostranny doku...
Please type another input file name: 
! I can't find file `\ref{sec:ServerArchitecture}'.
<to be read again> 
                   \let 
<*> \documentclass
                  [bc,female,java,dept460]{diploma}						% jednostranny doku...
Please type another input file name: \bigskip
! I can't find file `\bigskip'.
<to be read again> 
                   \let 
<*> \documentclass
                  [bc,female,java,dept460]{diploma}						% jednostranny doku...
Please type another input file name: Po≈æadavek na server je v≈ædy ve tvaru:
! I can't find file `Po≈æadavek'.
<to be read again> 
                   \let 
<*> \documentclass
                  [bc,female,java,dept460]{diploma}						% jednostranny doku...
Please type another input file name: \begin{lstlisting}[label=src:Java,caption=
Po≈æadavek]
! I can't find file `\begin{lstlisting}[label=src:Java,caption=Po≈æadavek]'.
<to be read again> 
                   \let 
<*> \documentclass
                  [bc,female,java,dept460]{diploma}						% jednostranny doku...
Please type another input file name: 
! I can't find file `\begin{lstlisting}[label=src:Java,caption=Po≈æadavek]'.
<to be read again> 
                   \let 
<*> \documentclass
                  [bc,female,java,dept460]{diploma}						% jednostranny doku...
Please type another input file name: request:
! I can't find file `request:'.
<to be read again> 
                   \let 
<*> \documentclass
                  [bc,female,java,dept460]{diploma}						% jednostranny doku...
Please type another input file name: {
! I can't find file `{'.
<to be read again> 
                   \let 
<*> \documentclass
                  [bc,female,java,dept460]{diploma}						% jednostranny doku...
Please type another input file name:   search: {
! I can't find file `search:'.
<to be read again> 
                   \let 
<*> \documentclass
                  [bc,female,java,dept460]{diploma}						% jednostranny doku...
Please type another input file name:     task_start: "2012-04-07T22:30:00"
! I can't find file `task_start:'.
<to be read again> 
                   \let 
<*> \documentclass
                  [bc,female,java,dept460]{diploma}						% jednostranny doku...
Please type another input file name:   },
! I can't find file `},'.
<to be read again> 
                   \let 
<*> \documentclass
                  [bc,female,java,dept460]{diploma}						% jednostranny doku...
Please type another input file name:   limit: 200,
! I can't find file `limit:'.
<to be read again> 
                   \let 
<*> \documentclass
                  [bc,female,java,dept460]{diploma}						% jednostranny doku...
Please type another input file name:   offset: 200
! I can't find file `offset:'.
<to be read again> 
                   \let 
<*> \documentclass
                  [bc,female,java,dept460]{diploma}						% jednostranny doku...
Please type another input file name: }
! I can't find file `}'.
<to be read again> 
                   \let 
<*> \documentclass
                  [bc,female,java,dept460]{diploma}						% jednostranny doku...
Please type another input file name: \end{lstlisting}
! I can't find file `\end{lstlisting}'.
<to be read again> 
                   \let 
<*> \documentclass
                  [bc,female,java,dept460]{diploma}						% jednostranny doku...
Please type another input file name: 
! I can't find file `\end{lstlisting}'.
<to be read again> 
                   \let 
<*> \documentclass
                  [bc,female,java,dept460]{diploma}						% jednostranny doku...
Please type another input file name: Pomoc√≠ asociativn√≠ho pole search urƒçuje
me kl√≠ƒçov√© slova vyhled√°v√°n√≠ - nap≈ô. filtrov√°n√≠ ud√°lost√≠ podle ƒçasu
.
! I can't find file `Pomoc√≠'.
<to be read again> 
                   \let 
<*> \documentclass
                  [bc,female,java,dept460]{diploma}						% jednostranny doku...
Please type another input file name: Pomoc√≠ kl√≠ƒçov√Ωch slov limit a offset u
rƒçujeme √∫sek dat, kter√© n√°m server m√° vr√°tit - vhodn√© pro st√°rnkov√°n√≠
.
! I can't find file `Pomoc√≠'.
<to be read again> 
                   \let 
<*> \documentclass
                  [bc,female,java,dept460]{diploma}						% jednostranny doku...
Please type another input file name: Str√°nkov√°n√≠ dat sni≈æuje z√°tƒõ≈æ serve
ru a mno≈æstv√≠ p≈ôenesen√Ωch dat, proto≈æe m√°lokdy chceme v≈°echny data najed
nou.
! I can't find file `Str√°nkov√°n√≠'.
<to be read again> 
                   \let 
<*> \documentclass
                  [bc,female,java,dept460]{diploma}						% jednostranny doku...
Please type another input file name: 
! I can't find file `Str√°nkov√°n√≠'.
<to be read again> 
                   \let 
<*> \documentclass
                  [bc,female,java,dept460]{diploma}						% jednostranny doku...
Please type another input file name: \newpage
! I can't find file `\newpage'.
<to be read again> 
                   \let 
<*> \documentclass
                  [bc,female,java,dept460]{diploma}						% jednostranny doku...
Please type another input file name: \begin{lstlisting}[label=src:Java,caption=
Odpovƒõƒè]
! I can't find file `\begin{lstlisting}[label=src:Java,caption=Odpovƒõƒè]'.
<to be read again> 
                   \let 
<*> \documentclass
                  [bc,female,java,dept460]{diploma}						% jednostranny doku...
Please type another input file name: response:
! I can't find file `response:'.
<to be read again> 
                   \let 
<*> \documentclass
                  [bc,female,java,dept460]{diploma}						% jednostranny doku...
Please type another input file name: {
! I can't find file `{'.
<to be read again> 
                   \let 
<*> \documentclass
                  [bc,female,java,dept460]{diploma}						% jednostranny doku...
Please type another input file name:   data: [
! I can't find file `data:'.
<to be read again> 
                   \let 
<*> \documentclass
                  [bc,female,java,dept460]{diploma}						% jednostranny doku...
Please type another input file name:     {col1: 355, col2: "string", col3: 128.
123, col4: 128, col5: false},
! I can't find file `{col1:'.
<to be read again> 
                   \let 
<*> \documentclass
                  [bc,female,java,dept460]{diploma}						% jednostranny doku...
Please type another input file name:     ...
! I can't find file `...'.
<to be read again> 
                   \let 
<*> \documentclass
                  [bc,female,java,dept460]{diploma}						% jednostranny doku...
Please type another input file name:     ...
! I can't find file `...'.
<to be read again> 
                   \let 
<*> \documentclass
                  [bc,female,java,dept460]{diploma}						% jednostranny doku...
Please type another input file name:   ],
! I can't find file `],'.
<to be read again> 
                   \let 
<*> \documentclass
                  [bc,female,java,dept460]{diploma}						% jednostranny doku...
Please type another input file name:   dataInfo: {
! I can't find file `dataInfo:'.
<to be read again> 
                   \let 
<*> \documentclass
                  [bc,female,java,dept460]{diploma}						% jednostranny doku...
Please type another input file name:     offset: 200,
! I can't find file `offset:'.
<to be read again> 
                   \let 
<*> \documentclass
                  [bc,female,java,dept460]{diploma}						% jednostranny doku...
Please type another input file name:     limit: 1000,
! I can't find file `limit:'.
<to be read again> 
                   \let 
<*> \documentclass
                  [bc,female,java,dept460]{diploma}						% jednostranny doku...
Please type another input file name:   },
! I can't find file `},'.
<to be read again> 
                   \let 
<*> \documentclass
                  [bc,female,java,dept460]{diploma}						% jednostranny doku...
Please type another input file name:   columns: {
! I can't find file `columns:'.
<to be read again> 
                   \let 
<*> \documentclass
                  [bc,female,java,dept460]{diploma}						% jednostranny doku...
Please type another input file name:     col1: {
! I can't find file `col1:'.
<to be read again> 
                   \let 
<*> \documentclass
                  [bc,female,java,dept460]{diploma}						% jednostranny doku...
Please type another input file name:       type: "integer",
! I can't find file `type:'.
<to be read again> 
                   \let 
<*> \documentclass
                  [bc,female,java,dept460]{diploma}						% jednostranny doku...
Please type another input file name:       valid: "[0-9]+",
! I can't find file `valid:'.
<to be read again> 
                   \let 
<*> \documentclass
                  [bc,female,java,dept460]{diploma}						% jednostranny doku...
Please type another input file name:       required: true,
! I can't find file `required:'.
<to be read again> 
                   \let 
<*> \documentclass
                  [bc,female,java,dept460]{diploma}						% jednostranny doku...
Please type another input file name:       name: "N√°zev",
! I can't find file `name:'.
<to be read again> 
                   \let 
<*> \documentclass
                  [bc,female,java,dept460]{diploma}						% jednostranny doku...
Please type another input file name:       visibility: ["edit", "static"]
! I can't find file `visibility:'.
<to be read again> 
                   \let 
<*> \documentclass
                  [bc,female,java,dept460]{diploma}						% jednostranny doku...
Please type another input file name:     }
! I can't find file `}'.
<to be read again> 
                   \let 
<*> \documentclass
                  [bc,female,java,dept460]{diploma}						% jednostranny doku...
Please type another input file name:   }
! I can't find file `}'.
<to be read again> 
                   \let 
<*> \documentclass
                  [bc,female,java,dept460]{diploma}						% jednostranny doku...
Please type another input file name: }
! I can't find file `}'.
<to be read again> 
                   \let 
<*> \documentclass
                  [bc,female,java,dept460]{diploma}						% jednostranny doku...
Please type another input file name: \end{lstlisting}
! I can't find file `\end{lstlisting}'.
<to be read again> 
                   \let 
<*> \documentclass
                  [bc,female,java,dept460]{diploma}						% jednostranny doku...
Please type another input file name: 
! I can't find file `\end{lstlisting}'.
<to be read again> 
                   \let 
<*> \documentclass
                  [bc,female,java,dept460]{diploma}						% jednostranny doku...
Please type another input file name: Vr√°cen√° odpovƒõƒè m√° podobnƒõ striktn√≠
 z√°pis jako po≈æadavek. S p≈ô√≠choz√≠mi daty je p≈ôilo≈æen taky popis jednotli
v√Ωch sloupc≈Ø,
! I can't find file `Vr√°cen√°'.
<to be read again> 
                   \let 
<*> \documentclass
                  [bc,female,java,dept460]{diploma}						% jednostranny doku...
Please type another input file name: jejich datov√© typy, n√°zev a omezen√≠. Me
zi omezen√≠ pat≈ô√≠ p≈ôedev≈°√≠m p≈ô√≠znak, jestli je polo≈æka p≈ôi editaci neb
o vkl√°d√°n√≠ povinn√°,
! I can't find file `jejich'.
<to be read again> 
                   \let 
<*> \documentclass
                  [bc,female,java,dept460]{diploma}						% jednostranny doku...
Please type another input file name: p≈ô√≠padnƒõ jej√≠ validace pomoc√≠ regul√°
rn√≠ho v√Ωrazu.
! I can't find file `p≈ô√≠padnƒõ'.
<to be read again> 
                   \let 
<*> \documentclass
                  [bc,female,java,dept460]{diploma}						% jednostranny doku...
Please type another input file name: 
! I can't find file `p≈ô√≠padnƒõ'.
<to be read again> 
                   \let 
<*> \documentclass
                  [bc,female,java,dept460]{diploma}						% jednostranny doku...
Please type another input file name: Popis jednotliv√Ωch sloupc≈Ø je poze dopor
uƒçen√Ω, klientsk√° aplikace se t√≠m nemus√≠ ≈ô√≠dit a data si m≈Ø≈æe zobrazova
t dle uv√°≈æen√≠,
! I can't find file `Popis'.
<to be read again> 
                   \let 
<*> \documentclass
                  [bc,female,java,dept460]{diploma}						% jednostranny doku...
Please type another input file name: kontrola spr√°vnosti dat se dƒõje hlavnƒõ 
na serveru, proto≈æe nelze spol√©hat na data od klienta.
! I can't find file `kontrola'.
<to be read again> 
                   \let 
<*> \documentclass
                  [bc,female,java,dept460]{diploma}						% jednostranny doku...
Please type another input file name: 
! I can't find file `kontrola'.
<to be read again> 
                   \let 
<*> \documentclass
                  [bc,female,java,dept460]{diploma}						% jednostranny doku...
Please type another input file name: \bigskip
! I can't find file `\bigskip'.
<to be read again> 
                   \let 
<*> \documentclass
                  [bc,female,java,dept460]{diploma}						% jednostranny doku...
Please type another input file name: Popis v≈°ech parametr≈Ø:
! I can't find file `Popis'.
<to be read again> 
                   \let 
<*> \documentclass
                  [bc,female,java,dept460]{diploma}						% jednostranny doku...
Please type another input file name: \begin{itemize}
! I can't find file `\begin{itemize}'.
<to be read again> 
                   \let 
<*> \documentclass
                  [bc,female,java,dept460]{diploma}						% jednostranny doku...
Please type another input file name:   \item type - Datov√Ω typ - je pevnƒõ sv√
°z√°n s datov√Ωmi typy serveru, konkr√©tnƒõ knihovna DataTypes,
! I can't find file `\item'.
<to be read again> 
                   \let 
<*> \documentclass
                  [bc,female,java,dept460]{diploma}						% jednostranny doku...
Please type another input file name:   \item valid - Regul√°rn√≠ v√Ωraz, podle 
kter√©ho se data validuj√≠
! I can't find file `\item'.
<to be read again> 
                   \let 
<*> \documentclass
                  [bc,female,java,dept460]{diploma}						% jednostranny doku...
Please type another input file name:   \item required - Urƒçuje, zda je paramet
r povinn√Ω p≈ôi editaci nebo vkl√°d√°n√≠ nov√©ho z√°znamu
! I can't find file `\item'.
<to be read again> 
                   \let 
<*> \documentclass
                  [bc,female,java,dept460]{diploma}						% jednostranny doku...
Please type another input file name:   \item name - N√°zev sloupce
! I can't find file `\item'.
<to be read again> 
                   \let 
<*> \documentclass
                  [bc,female,java,dept460]{diploma}						% jednostranny doku...
Please type another input file name:   \item visibility - pole, kdy je sloupec/
plo≈æka viditeln√° - ``edit'' p≈ôi editaci, ``static'' p≈ôi be≈æn√©m prohl√≠≈æe
n√≠, p≈ô√≠padnƒõ pr√°zn√© pole pokud m√° b√Ωt polo≈æka skryta
! I can't find file `\item'.
<to be read again> 
                   \let 
<*> \documentclass
                  [bc,female,java,dept460]{diploma}						% jednostranny doku...
Please type another input file name:   \item flags - dal≈°√≠ parametry, kter√© 
urƒçuj√≠ povahu sloupce - nap≈ô√≠klad ``primaryKey'', pokud je sloupec prim√°rn
√≠m kl√≠ƒçem v datab√°zi
! I can't find file `\item'.
<to be read again> 
                   \let 
<*> \documentclass
                  [bc,female,java,dept460]{diploma}						% jednostranny doku...
Please type another input file name: \end{itemize}
! I can't find file `\end{itemize}'.
<to be read again> 
                   \let 
<*> \documentclass
                  [bc,female,java,dept460]{diploma}						% jednostranny doku...
Please type another input file name: 
! I can't find file `\end{itemize}'.
<to be read again> 
                   \let 
<*> \documentclass
                  [bc,female,java,dept460]{diploma}						% jednostranny doku...
Please type another input file name: \newpage
! I can't find file `\newpage'.
<to be read again> 
                   \let 
<*> \documentclass
                  [bc,female,java,dept460]{diploma}						% jednostranny doku...
Please type another input file name: \subsection{N√°vrh datab√°ze}
! I can't find file `\subsection{N√°vrh'.
<to be read again> 
                   \let 
<*> \documentclass
                  [bc,female,java,dept460]{diploma}						% jednostranny doku...
Please type another input file name: % \label{sec:architektura-navrh}
! I can't find file `%'.
<to be read again> 
                   \let 
<*> \documentclass
                  [bc,female,java,dept460]{diploma}						% jednostranny doku...
Please type another input file name: 
! I can't find file `%'.
<to be read again> 
                   \let 
<*> \documentclass
                  [bc,female,java,dept460]{diploma}						% jednostranny doku...
Please type another input file name: Aplikace vyu≈æ√≠v√° datab√°zov√Ω syst√©m P
ostgreSQL, vyu≈æ√≠v√° jeho specifick√© vlastnosti, nen√≠ tedy jednodu≈°e p≈ôeno
siteln√° na jin√© DBMS.
! I can't find file `Aplikace'.
<to be read again> 
                   \let 
<*> \documentclass
                  [bc,female,java,dept460]{diploma}						% jednostranny doku...
Please type another input file name: 
! I can't find file `Aplikace'.
<to be read again> 
                   \let 
<*> \documentclass
                  [bc,female,java,dept460]{diploma}						% jednostranny doku...
Please type another input file name: Vyu≈æ√≠v√° se t≈ô√≠ z√°kladn√≠ch objekt≈Ø:

! I can't find file `Vyu≈æ√≠v√°'.
<to be read again> 
                   \let 
<*> \documentclass
                  [bc,female,java,dept460]{diploma}						% jednostranny doku...
Please type another input file name: Note - pozn√°mka
! I can't find file `Note'.
<to be read again> 
                   \let 
<*> \documentclass
                  [bc,female,java,dept460]{diploma}						% jednostranny doku...
Please type another input file name: Event - ud√°lost
! I can't find file `Event'.
<to be read again> 
                   \let 
<*> \documentclass
                  [bc,female,java,dept460]{diploma}						% jednostranny doku...
Please type another input file name: Task - √∫kol
! I can't find file `Task'.
<to be read again> 
                   \let 
<*> \documentclass
                  [bc,female,java,dept460]{diploma}						% jednostranny doku...
Please type another input file name: 
! I can't find file `Task'.
<to be read again> 
                   \let 
<*> \documentclass
                  [bc,female,java,dept460]{diploma}						% jednostranny doku...
Please type another input file name: V≈°echny tyto t≈ôi objekty jsou zl√°≈°≈• v
 tabulk√°ch a dƒõd√≠ z tabulky objects.
! I can't find file `V≈°echny'.
<to be read again> 
                   \let 
<*> \documentclass
                  [bc,female,java,dept460]{diploma}						% jednostranny doku...
Please type another input file name: Dƒõdiƒçnost v PostgreSQL p≈ôin√°≈°√≠ v√Ωho
du sjednocen√Ωch prim√°rn√≠ch kl√≠ƒç≈Ø, p≈ô√≠padnƒõ i ostatn√≠ch spoleƒçn√Ωch s
loupc≈Ø.
! I can't find file `Dƒõdiƒçnost'.
<to be read again> 
                   \let 
<*> \documentclass
                  [bc,female,java,dept460]{diploma}						% jednostranny doku...
Please type another input file name: Sjednocen√© prim√°rn√≠ kl√≠ƒçe jsou p≈ôede
v≈°√≠m z d≈Øvodu stejn√Ωch vazebn√≠ch tabulek na ≈°t√≠tky.
! I can't find file `Sjednocen√©'.
<to be read again> 
                   \let 
<*> \documentclass
                  [bc,female,java,dept460]{diploma}						% jednostranny doku...
Please type another input file name: 
! I can't find file `Sjednocen√©'.
<to be read again> 
                   \let 
<*> \documentclass
                  [bc,female,java,dept460]{diploma}						% jednostranny doku...
Please type another input file name: ≈†t√≠tky slou≈æ√≠ k oznaƒçen√≠, p≈ôesnƒõji
 zaƒçlenƒõn√≠ do kategori√≠.
! I can't find file `≈†t√≠tky'.
<to be read again> 
                   \let 
<*> \documentclass
                  [bc,female,java,dept460]{diploma}						% jednostranny doku...
Please type another input file name: Rozd√≠l proti kategori√≠m je, ≈æe ka≈æd√Ω 
objekt m≈Ø≈æe m√≠t libovoln√© mno≈æsstv√≠ ≈°t√≠tk≈Ø.
! I can't find file `Rozd√≠l'.
<to be read again> 
                   \let 
<*> \documentclass
                  [bc,female,java,dept460]{diploma}						% jednostranny doku...
Please type another input file name: 
! I can't find file `Rozd√≠l'.
<to be read again> 
                   \let 
<*> \documentclass
                  [bc,female,java,dept460]{diploma}						% jednostranny doku...
Please type another input file name: V≈°echny tabulky maj√≠ striktn√≠ vazbu na 
Users, co≈æ jsou u≈æivatel√© syst√©mu.
! I can't find file `V≈°echny'.
<to be read again> 
                   \let 
<*> \documentclass
                  [bc,female,java,dept460]{diploma}						% je